The request analysis.setContextRoots failed with the following error:
RequestErrorCode.PLUGIN_ERROR
Exception: Failed to run "pub get" in the client project:
Downloading package sky_engine...                                  971ms
Downloading package flutter_gpu...                                  88ms
Downloading flutter_patched_sdk tools...                           421ms
Downloading flutter_patched_sdk_product tools...                   445ms
Downloading darwin-arm64 tools...                                   6.6s
Downloading darwin-arm64/font-subset tools...                      685ms

Your Flutter SDK download may be corrupt or missing permissions to run. Try re-downloading the Flutter SDK into a directory that has read/write permissions for the current user.

at:
#0      CustomLintWorkspace.runPubGet (package:custom_lint/src/workspace.dart:764:7)
<asynchronous suspension>
#1      CustomLintWorkspace.resolvePluginHost (package:custom_lint/src/workspace.dart:748:5)
<asynchronous suspension>
#2      SocketCustomLintServerToClientChannel._startProcess (package:custom_lint/src/v2/server_to_client_channel.dart:151:7)
<asynchronous suspension>
#3      SocketCustomLintServerToClientChannel.init (package:custom_lint/src/v2/server_to_client_channel.dart:111:21)
<asynchronous suspension>
#4      CustomLintServer._maybeSpawnCustomLintPlugin (package:custom_lint/src/v2/custom_lint_analyzer_plugin.dart:394:5)
<asynchronous suspension>
#5      CustomLintServer._handleAnalysisSetContextRoots.<anonymous closure> (package:custom_lint/src/v2/custom_lint_analyzer_plugin.dart:341:9)
<asynchronous suspension>
#6      PendingOperation.run (package:custom_lint/src/async_operation.dart:22:14)
<asynchronous suspension>
#7      CustomLintServer._handleRequest (package:custom_lint/src/v2/custom_lint_analyzer_plugin.dart:173:22)
<asynchronous suspension>

The Dart VM service is listening on http://127.0.0.1:60519/6uSy4RFp3DQ=/
The Dart DevTools debugger and profiler is available at: http://127.0.0.1:60519/6uSy4RFp3DQ=/devtools/?uri=ws://127.0.0.1:60519/6uSy4RFp3DQ=/ws
